Determining if the pthread_create exist failed with the following output:
Change Dir: /home/lifan/rc/kh_remote_xbox/src/udp_car/cmake-build-debug/CMakeFiles/CMakeTmp

Run Build Command(s):/usr/bin/make cmTC_cf521/fast 
/usr/bin/make -f CMakeFiles/cmTC_cf521.dir/build.make CMakeFiles/cmTC_cf521.dir/build
make[1]: Entering directory '/home/lifan/rc/kh_remote_xbox/src/udp_car/cmake-build-debug/CMakeFiles/CMakeTmp'
Building C object CMakeFiles/cmTC_cf521.dir/CheckSymbolExists.c.o
/usr/bin/cc    -o CMakeFiles/cmTC_cf521.dir/CheckSymbolExists.c.o   -c /home/lifan/rc/kh_remote_xbox/src/udp_car/cmake-build-debug/CMakeFiles/CMakeTmp/CheckSymbolExists.c
Linking C executable cmTC_cf521
/home/lifan/clion-2019.2.2/bin/cmake/linux/bin/cmake -E cmake_link_script CMakeFiles/cmTC_cf521.dir/link.txt --verbose=1
/usr/bin/cc      -rdynamic CMakeFiles/cmTC_cf521.dir/CheckSymbolExists.c.o  -o cmTC_cf521 
CMakeFiles/cmTC_cf521.dir/CheckSymbolExists.c.o: In function `main':
CheckSymbolExists.c:(.text+0x16): undefined reference to `pthread_create'
collect2: error: ld returned 1 exit status
CMakeFiles/cmTC_cf521.dir/build.make:86: recipe for target 'cmTC_cf521' failed
make[1]: *** [cmTC_cf521] Error 1
make[1]: Leaving directory '/home/lifan/rc/kh_remote_xbox/src/udp_car/cmake-build-debug/CMakeFiles/CMakeTmp'
Makefile:121: recipe for target 'cmTC_cf521/fast' failed
make: *** [cmTC_cf521/fast] Error 2

File /home/lifan/rc/kh_remote_xbox/src/udp_car/cmake-build-debug/CMakeFiles/CMakeTmp/CheckSymbolExists.c:
/* */
#include <pthread.h>

int main(int argc, char** argv)
{
  (void)argv;
#ifndef pthread_create
  return ((int*)(&pthread_create))[argc];
#else
  (void)argc;
  return 0;
#endif
}

Determining if the function pthread_create exists in the pthreads failed with the following output:
Change Dir: /home/lifan/rc/kh_remote_xbox/src/udp_car/cmake-build-debug/CMakeFiles/CMakeTmp

Run Build Command(s):/usr/bin/make cmTC_e61d4/fast 
/usr/bin/make -f CMakeFiles/cmTC_e61d4.dir/build.make CMakeFiles/cmTC_e61d4.dir/build
make[1]: Entering directory '/home/lifan/rc/kh_remote_xbox/src/udp_car/cmake-build-debug/CMakeFiles/CMakeTmp'
Building C object CMakeFiles/cmTC_e61d4.dir/CheckFunctionExists.c.o
/usr/bin/cc   -DCHECK_FUNCTION_EXISTS=pthread_create   -o CMakeFiles/cmTC_e61d4.dir/CheckFunctionExists.c.o   -c /home/lifan/clion-2019.2.2/bin/cmake/linux/share/cmake-3.14/Modules/CheckFunctionExists.c
Linking C executable cmTC_e61d4
/home/lifan/clion-2019.2.2/bin/cmake/linux/bin/cmake -E cmake_link_script CMakeFiles/cmTC_e61d4.dir/link.txt --verbose=1
/usr/bin/cc  -DCHECK_FUNCTION_EXISTS=pthread_create    -rdynamic CMakeFiles/cmTC_e61d4.dir/CheckFunctionExists.c.o  -o cmTC_e61d4 -lpthreads 
/usr/bin/ld: cannot find -lpthreads
collect2: error: ld returned 1 exit status
CMakeFiles/cmTC_e61d4.dir/build.make:86: recipe for target 'cmTC_e61d4' failed
make[1]: *** [cmTC_e61d4] Error 1
make[1]: Leaving directory '/home/lifan/rc/kh_remote_xbox/src/udp_car/cmake-build-debug/CMakeFiles/CMakeTmp'
Makefile:121: recipe for target 'cmTC_e61d4/fast' failed
make: *** [cmTC_e61d4/fast] Error 2


