Determining if the pthread_create exist failed with the following output:
Change Dir: /home/lifan/rc/kh_remote_xbox/src/cmake-build-debug/CMakeFiles/CMakeTmp

Run Build Command(s):/usr/bin/make cmTC_30e61/fast 
/usr/bin/make -f CMakeFiles/cmTC_30e61.dir/build.make CMakeFiles/cmTC_30e61.dir/build
make[1]: Entering directory '/home/lifan/rc/kh_remote_xbox/src/cmake-build-debug/CMakeFiles/CMakeTmp'
Building C object CMakeFiles/cmTC_30e61.dir/CheckSymbolExists.c.o
/usr/bin/cc    -o CMakeFiles/cmTC_30e61.dir/CheckSymbolExists.c.o   -c /home/lifan/rc/kh_remote_xbox/src/cmake-build-debug/CMakeFiles/CMakeTmp/CheckSymbolExists.c
Linking C executable cmTC_30e61
/home/lifan/clion-2019.2.2/bin/cmake/linux/bin/cmake -E cmake_link_script CMakeFiles/cmTC_30e61.dir/link.txt --verbose=1
/usr/bin/cc      -rdynamic CMakeFiles/cmTC_30e61.dir/CheckSymbolExists.c.o  -o cmTC_30e61 
CMakeFiles/cmTC_30e61.dir/CheckSymbolExists.c.o: In function `main':
CheckSymbolExists.c:(.text+0x16): undefined reference to `pthread_create'
collect2: error: ld returned 1 exit status
CMakeFiles/cmTC_30e61.dir/build.make:86: recipe for target 'cmTC_30e61' failed
make[1]: *** [cmTC_30e61] Error 1
make[1]: Leaving directory '/home/lifan/rc/kh_remote_xbox/src/cmake-build-debug/CMakeFiles/CMakeTmp'
Makefile:121: recipe for target 'cmTC_30e61/fast' failed
make: *** [cmTC_30e61/fast] Error 2

File /home/lifan/rc/kh_remote_xbox/src/cmake-build-debug/CMakeFiles/CMakeTmp/CheckSymbolExists.c:
/* */
#include <pthread.h>

int main(int argc, char** argv)
{
  (void)argv;
#ifndef pthread_create
  return ((int*)(&pthread_create))[argc];
#else
  (void)argc;
  return 0;
#endif
}

Determining if the function pthread_create exists in the pthreads failed with the following output:
Change Dir: /home/lifan/rc/kh_remote_xbox/src/cmake-build-debug/CMakeFiles/CMakeTmp

Run Build Command(s):/usr/bin/make cmTC_0fbef/fast 
/usr/bin/make -f CMakeFiles/cmTC_0fbef.dir/build.make CMakeFiles/cmTC_0fbef.dir/build
make[1]: Entering directory '/home/lifan/rc/kh_remote_xbox/src/cmake-build-debug/CMakeFiles/CMakeTmp'
Building C object CMakeFiles/cmTC_0fbef.dir/CheckFunctionExists.c.o
/usr/bin/cc   -DCHECK_FUNCTION_EXISTS=pthread_create   -o CMakeFiles/cmTC_0fbef.dir/CheckFunctionExists.c.o   -c /home/lifan/clion-2019.2.2/bin/cmake/linux/share/cmake-3.14/Modules/CheckFunctionExists.c
Linking C executable cmTC_0fbef
/home/lifan/clion-2019.2.2/bin/cmake/linux/bin/cmake -E cmake_link_script CMakeFiles/cmTC_0fbef.dir/link.txt --verbose=1
/usr/bin/cc  -DCHECK_FUNCTION_EXISTS=pthread_create    -rdynamic CMakeFiles/cmTC_0fbef.dir/CheckFunctionExists.c.o  -o cmTC_0fbef -lpthreads 
/usr/bin/ld: cannot find -lpthreads
collect2: error: ld returned 1 exit status
CMakeFiles/cmTC_0fbef.dir/build.make:86: recipe for target 'cmTC_0fbef' failed
make[1]: *** [cmTC_0fbef] Error 1
make[1]: Leaving directory '/home/lifan/rc/kh_remote_xbox/src/cmake-build-debug/CMakeFiles/CMakeTmp'
Makefile:121: recipe for target 'cmTC_0fbef/fast' failed
make: *** [cmTC_0fbef/fast] Error 2


